{"numTotalTestSuites": 7, "numPassedTestSuites": 7, "numFailedTestSuites": 0, "numTotalTests": 59, "numPassedTests": 59, "numFailedTests": 0, "numPendingTests": 0, "success": true, "startTime": 1756500000000, "testResults": [{"name": "/home/user/novaair/tests/seat-party-together.test.ts", "status": "passed", "assertionResults": [{"fullName": "seat_party_together > three_contiguous_available", "status": "passed", "title": "three_contiguous_available"}, {"fullName": "seat_party_together > aisle_separated_not_adjacent", "status": "passed", "title": "aisle_separated_not_adjacent"}, {"fullName": "seat_party_together > no_three_seat_group", "status": "passed", "title": "no_three_seat_group"}, {"fullName": "seat_party_together > blocked_accessibility_seat_excluded", "status": "passed", "title": "blocked_accessibility_seat_excluded"}, {"fullName": "seat_party_together > exit_row_excluded_for_child", "status": "passed", "title": "exit_row_excluded_for_child"}, {"fullName": "seat_party_together > exit_row_allowed_for_adults", "status": "passed", "title": "exit_row_allowed_for_adults"}, {"fullName": "seat_party_together > seat_taken_during_checkout", "status": "passed", "title": "seat_taken_during_checkout"}, {"fullName": "seat_party_together > existing_paid_seat_reflected_in_cost", "status": "passed", "title": "existing_paid_seat_reflected_in_cost"}, {"fullName": "seat_party_together > child_adjacent_to_adult", "status": "passed", "title": "child_adjacent_to_adult"}, {"fullName": "seat_party_together > child_never_alone", "status": "passed", "title": "child_never_alone"}, {"fullName": "seat_party_together > duplicate_submission_idempotent", "status": "passed", "title": "duplicate_submission_idempotent"}, {"fullName": "seat_party_together > insufficient_permission", "status": "passed", "title": "insufficient_permission"}, {"fullName": "seat_party_together > party_size_one", "status": "passed", "title": "party_size_one"}, {"fullName": "seat_party_together > party_larger_than_one_side", "status": "passed", "title": "party_larger_than_one_side"}, {"fullName": "seat_party_together > same_row_only", "status": "passed", "title": "same_row_only"}, {"fullName": "seat_party_together > minimize_additional_cost_preference", "status": "passed", "title": "minimize_additional_cost_preference"}, {"fullName": "seat_party_together > keeps_current_seats_when_already_together", "status": "passed", "title": "keeps_current_seats_when_already_together"}, {"fullName": "seat_party_together > result_reflects_live_availability", "status": "passed", "title": "result_reflects_live_availability"}, {"fullName": "seat_party_together > apply_moves_every_passenger", "status": "passed", "title": "apply_moves_every_passenger"}, {"fullName": "seat_party_together > apply_frees_previous_seats", "status": "passed", "title": "apply_frees_previous_seats"}, {"fullName": "seat_party_together > route_validates_input", "status": "passed", "title": "route_validates_input"}]}]}